#
# There is insufficient memory for the Java Runtime Environment to continue.
# Native memory allocation (malloc) failed to allocate 1229968 bytes for Chunk::new
# Possible reasons:
#   The system is out of physical RAM or swap space
#   In 32 bit mode, the process size limit was hit
# Possible solutions:
#   Reduce memory load on the system
#   Increase physical memory or swap space
#   Check if swap backing store is full
#   Use 64 bit Java on a 64 bit OS
#   Decrease Java heap size (-Xmx/-Xms)
#   Decrease number of Java threads
#   Decrease Java thread stack sizes (-Xss)
#   Set larger code cache with -XX:ReservedCodeCacheSize=
# This output file may be truncated or incomplete.
#
#  Out of Memory Error (allocation.cpp:390), pid=5912, tid=9000
#
# JRE version: Java(TM) SE Runtime Environment (8.0_60-b27) (build 1.8.0_60-b27)
# Java VM: Java HotSpot(TM) 64-Bit Server VM (25.60-b23 mixed mode windows-amd64 compressed oops)
# Failed to write core dump. Minidumps are not enabled by default on client versions of Windows
#

---------------  T H R E A D  ---------------

Current thread (0x00000000172d9800):  JavaThread "C2 CompilerThread1" daemon [_thread_in_native, id=9000, stack(0x0000000017950000,0x0000000017a50000)]

Stack: [0x0000000017950000,0x0000000017a50000]
[error occurred during error reporting (printing stack bounds), id 0xc0000005]

Native frames: (J=compiled Java code, j=interpreted, Vv=VM code, C=native code)


Current CompileTask:
C2:   3005 1346   !   4       com.android.dx.cf.code.Ropper::processBlock (1101 bytes)


---------------  P R O C E S S  ---------------

Java Threads: ( => current thread )
  0x000000001755f800 JavaThread "pool-2-thread-4" [_thread_blocked, id=12768, stack(0x0000000018250000,0x0000000018350000)]
  0x000000001755e800 JavaThread "pool-2-thread-3" [_thread_blocked, id=4820, stack(0x0000000018150000,0x0000000018250000)]
  0x0000000017556800 JavaThread "pool-2-thread-2" [_thread_blocked, id=11108, stack(0x0000000018050000,0x0000000018150000)]
  0x0000000017436800 JavaThread "pool-3-thread-1" [_thread_blocked, id=3720, stack(0x0000000017f50000,0x0000000018050000)]
  0x0000000017419000 JavaThread "pool-2-thread-1" [_thread_blocked, id=13796, stack(0x0000000017e50000,0x0000000017f50000)]
  0x000000001736f000 JavaThread "Service Thread" daemon [_thread_blocked, id=1628, stack(0x0000000017c50000,0x0000000017d50000)]
  0x00000000172e9000 JavaThread "C1 CompilerThread3" daemon [_thread_blocked, id=12492, stack(0x0000000017b50000,0x0000000017c50000)]
  0x00000000172de800 JavaThread "C2 CompilerThread2" daemon [_thread_in_native, id=14892, stack(0x0000000017a50000,0x0000000017b50000)]
=>0x00000000172d9800 JavaThread "C2 CompilerThread1" daemon [_thread_in_native, id=9000, stack(0x0000000017950000,0x0000000017a50000)]
  0x00000000172d3800 JavaThread "C2 CompilerThread0" daemon [_thread_in_native, id=15292, stack(0x0000000017850000,0x0000000017950000)]
  0x00000000172d2800 JavaThread "Attach Listener" daemon [_thread_blocked, id=8712, stack(0x0000000017750000,0x0000000017850000)]
  0x0000000017288000 JavaThread "Signal Dispatcher" daemon [_thread_blocked, id=3820, stack(0x0000000017650000,0x0000000017750000)]
  0x00000000026ab000 JavaThread "Finalizer" daemon [_thread_blocked, id=9884, stack(0x00000000170f0000,0x00000000171f0000)]
  0x00000000151ed000 JavaThread "Reference Handler" daemon [_thread_blocked, id=5324, stack(0x0000000016ff0000,0x00000000170f0000)]
  0x00000000025b0800 JavaThread "main" [_thread_in_Java, id=12228, stack(0x00000000024b0000,0x00000000025b0000)]

Other Threads:
  0x00000000151e9000 VMThread [stack: 0x0000000016ef0000,0x0000000016ff0000] [id=14984]
  0x00000000173d8000 WatcherThread [stack: 0x0000000017d50000,0x0000000017e50000] [id=1076]

VM state:not at safepoint (normal execution)

VM Mutex/Monitor currently owned by a thread: None

Heap:
 PSYoungGen      total 76288K, used 47832K [0x00000000eab00000, 0x00000000f0000000, 0x0000000100000000)
  eden space 65536K, 56% used [0x00000000eab00000,0x00000000ecf37390,0x00000000eeb00000)
  from space 10752K, 99% used [0x00000000eeb00000,0x00000000ef57ef90,0x00000000ef580000)
  to   space 10752K, 0% used [0x00000000ef580000,0x00000000ef580000,0x00000000f0000000)
 ParOldGen       total 175104K, used 4954K [0x00000000c0000000, 0x00000000cab00000, 0x00000000eab00000)
  object space 175104K, 2% used [0x00000000c0000000,0x00000000c04d6858,0x00000000cab00000)
 Metaspace       used 5853K, capacity 6960K, committed 7040K, reserved 1056768K
  class space    used 584K, capacity 616K, committed 640K, reserved 1048576K

Card table byte_map: [0x0000000011a70000,0x0000000011c80000] byte_map_base: 0x0000000011470000

Marking Bits: (ParMarkBitMap*) 0x000000005b28a5b0
 Begin Bits: [0x00000000125e0000, 0x00000000135e0000)
 End Bits:   [0x00000000135e0000, 0x00000000145e0000)

Polling page: 0x0000000000960000

CodeCache: size=245760Kb used=5905Kb max_used=5905Kb free=239854Kb
 bounds [0x00000000026b0000, 0x0000000002c80000, 0x00000000116b0000]
 total_blobs=1633 nmethods=1369 adapters=177
 compilation: enabled

Compilation events (10 events):
Event: 2.932 Thread 0x00000000172e9000 1411       1       java.util.concurrent.locks.AbstractQueuedSynchronizer::getState (5 bytes)
Event: 2.932 Thread 0x00000000172e9000 nmethod 1411 0x0000000002c73a10 code [0x0000000002c73b60, 0x0000000002c73c70]
Event: 2.935 Thread 0x00000000172e9000 1412 %     3       com.android.dx.ssa.back.FirstFitLocalCombiningAllocator::handleNormalUnassociated @ 10 (99 bytes)
Event: 2.937 Thread 0x00000000172e9000 nmethod 1412% 0x0000000002c73cd0 code [0x0000000002c73fa0, 0x0000000002c75418]
Event: 2.937 Thread 0x00000000172e9000 1413 %     3       com.android.dx.ssa.back.LivenessAnalyzer::coInterferePhis @ 8 (128 bytes)
Event: 2.938 Thread 0x00000000172e9000 nmethod 1413% 0x0000000002c75e90 code [0x0000000002c76140, 0x0000000002c77508]
Event: 2.938 Thread 0x00000000172e9000 1414       2       com.android.dx.ssa.SsaMethod::makeNewSsaReg (26 bytes)
Event: 2.938 Thread 0x00000000172e9000 nmethod 1414 0x0000000002c77ed0 code [0x0000000002c78020, 0x0000000002c781b0]
Event: 2.941 Thread 0x00000000172e9000 1415       1       java.util.concurrent.locks.AbstractOwnableSynchronizer::getExclusiveOwnerThread (5 bytes)
Event: 2.941 Thread 0x00000000172e9000 nmethod 1415 0x0000000002c78250 code [0x0000000002c783a0, 0x0000000002c784b0]

GC Heap History (2 events):
Event: 2.188 GC heap before
{Heap before GC invocations=1 (full 0):
 PSYoungGen      total 76288K, used 65536K [0x00000000eab00000, 0x00000000f0000000, 0x0000000100000000)
  eden space 65536K, 100% used [0x00000000eab00000,0x00000000eeb00000,0x00000000eeb00000)
  from space 10752K, 0% used [0x00000000ef580000,0x00000000ef580000,0x00000000f0000000)
  to   space 10752K, 0% used [0x00000000eeb00000,0x00000000eeb00000,0x00000000ef580000)
 ParOldGen       total 175104K, used 0K [0x00000000c0000000, 0x00000000cab00000, 0x00000000eab00000)
  object space 175104K, 0% used [0x00000000c0000000,0x00000000c0000000,0x00000000cab00000)
 Metaspace       used 5749K, capacity 6896K, committed 7040K, reserved 1056768K
  class space    used 583K, capacity 616K, committed 640K, reserved 1048576K
Event: 2.327 GC heap after
Heap after GC invocations=1 (full 0):
 PSYoungGen      total 76288K, used 10747K [0x00000000eab00000, 0x00000000f0000000, 0x0000000100000000)
  eden space 65536K, 0% used [0x00000000eab00000,0x00000000eab00000,0x00000000eeb00000)
  from space 10752K, 99% used [0x00000000eeb00000,0x00000000ef57ef90,0x00000000ef580000)
  to   space 10752K, 0% used [0x00000000ef580000,0x00000000ef580000,0x00000000f0000000)
 ParOldGen       total 175104K, used 4954K [0x00000000c0000000, 0x00000000cab00000, 0x00000000eab00000)
  object space 175104K, 2% used [0x00000000c0000000,0x00000000c04d6858,0x00000000cab00000)
 Metaspace       used 5749K, capacity 6896K, committed 7040K, reserved 1056768K
  class space    used 583K, capacity 616K, committed 640K, reserved 1048576K
}

Deoptimization events (10 events):
Event: 2.392 Thread 0x000000001755f800 Uncommon trap: reason=class_check action=maybe_recompile pc=0x0000000002b17c58 method=com.android.dx.cf.code.BytecodeArray.parseInstruction(ILcom/android/dx/cf/code/BytecodeArray$Visitor;)I @ 891
Event: 2.392 Thread 0x000000001755f800 Uncommon trap: reason=bimorphic action=maybe_recompile pc=0x0000000002b86ad0 method=com.android.dx.cf.code.RopperMachine.run(Lcom/android/dx/cf/code/Frame;II)V @ 978
Event: 2.392 Thread 0x000000001755f800 Uncommon trap: reason=bimorphic action=maybe_recompile pc=0x0000000002b86ad0 method=com.android.dx.cf.code.RopperMachine.run(Lcom/android/dx/cf/code/Frame;II)V @ 978
Event: 2.392 Thread 0x000000001755f800 Uncommon trap: reason=bimorphic action=maybe_recompile pc=0x0000000002b86ad0 method=com.android.dx.cf.code.RopperMachine.run(Lcom/android/dx/cf/code/Frame;II)V @ 978
Event: 2.393 Thread 0x000000001755f800 Uncommon trap: reason=bimorphic action=maybe_recompile pc=0x0000000002b86ad0 method=com.android.dx.cf.code.RopperMachine.run(Lcom/android/dx/cf/code/Frame;II)V @ 978
Event: 2.415 Thread 0x000000001755f800 Uncommon trap: reason=bimorphic action=maybe_recompile pc=0x0000000002937f34 method=java.util.HashMap.getNode(ILjava/lang/Object;)Ljava/util/HashMap$Node; @ 126
Event: 2.457 Thread 0x000000001755f800 Uncommon trap: reason=class_check action=maybe_recompile pc=0x0000000002b17c58 method=com.android.dx.cf.code.BytecodeArray.parseInstruction(ILcom/android/dx/cf/code/BytecodeArray$Visitor;)I @ 891
Event: 2.457 Thread 0x000000001755f800 Uncommon trap: reason=class_check action=maybe_recompile pc=0x0000000002b17c58 method=com.android.dx.cf.code.BytecodeArray.parseInstruction(ILcom/android/dx/cf/code/BytecodeArray$Visitor;)I @ 891
Event: 2.768 Thread 0x00000000025b0800 Uncommon trap: reason=class_check action=maybe_recompile pc=0x0000000002a70018 method=com.android.dx.ssa.NormalSsaInsn.accept(Lcom/android/dx/ssa/SsaInsn$Visitor;)V @ 9
Event: 2.768 Thread 0x00000000025b0800 Uncommon trap: reason=class_check action=maybe_recompile pc=0x0000000002aa2fdc method=com.android.dx.ssa.NormalSsaInsn.accept(Lcom/android/dx/ssa/SsaInsn$Visitor;)V @ 9

Internal exceptions (4 events):
Event: 1.099 Thread 0x00000000025b0800 Exception <a 'java/lang/NoSuchMethodError': Method sun.misc.Unsafe.defineClass(Ljava/lang/String;[BII)Ljava/lang/Class; name or signature does not match> (0x00000000eab13040) thrown at [C:\re\workspace\8-2-build-windows-amd64-cygwin\jdk8u60\4407\hotspot\srÈ£Á/]—ñ?
Event: 1.099 Thread 0x00000000025b0800 Exception <a 'java/lang/NoSuchMethodError': Method sun.misc.Unsafe.prefetchRead(Ljava/lang/Object;J)V name or signature does not match> (0x00000000eab13328) thrown at [C:\re\workspace\8-2-build-windows-amd64-cygwin\jdk8u60\4407\hotspot\src\share\vm\prims\jh-vAû?
Event: 1.693 Thread 0x0000000017419000 Implicit null exception at 0x00000000029e3577 to 0x00000000029e5255
Event: 1.694 Thread 0x0000000017419000 Implicit null exception at 0x000000000299f926 to 0x00000000029a13d5

Events (10 events):
Event: 2.768 Thread 0x00000000025b0800 Uncommon trap: trap_request=0xffffffde fr.pc=0x0000000002a70018
Event: 2.768 Thread 0x00000000025b0800 DEOPT PACKING pc=0x0000000002a70018 sp=0x00000000025adbe0
Event: 2.768 Thread 0x00000000025b0800 DEOPT UNPACKING pc=0x00000000026f582a sp=0x00000000025adb50 mode 2
Event: 2.768 Thread 0x00000000025b0800 Uncommon trap: trap_request=0xffffffde fr.pc=0x0000000002aa2fdc
Event: 2.768 Thread 0x00000000025b0800 DEOPT PACKING pc=0x0000000002aa2fdc sp=0x00000000025adb60
Event: 2.768 Thread 0x00000000025b0800 DEOPT UNPACKING pc=0x00000000026f582a sp=0x00000000025adb40 mode 2
Event: 2.842 Thread 0x00000000025b0800 DEOPT PACKING pc=0x0000000002a7dae3 sp=0x00000000025adf90
Event: 2.842 Thread 0x00000000025b0800 DEOPT UNPACKING pc=0x00000000026f787f sp=0x00000000025add58 mode 0
Event: 2.897 Thread 0x00000000025b0800 DEOPT PACKING pc=0x0000000002b807e0 sp=0x00000000025ae0c0
Event: 2.897 Thread 0x00000000025b0800 DEOPT UNPACKING pc=0x00000000026f787f sp=0x00000000025ade28 mode 0


Dynamic libraries:
0x00007ff6116b0000 - 0x00007ff6116e7000 	F:\Java\jdk1.8.0_60\bin\java.exe
0x00007ffcaf080000 - 0x00007ffcaf241000 	C:\WINDOWS\SYSTEM32\ntdll.dll
0x00007ffcac940000 - 0x00007ffcac9ed000 	C:\WINDOWS\system32\KERNEL32.DLL
0x00007ffcab730000 - 0x00007ffcab918000 	C:\WINDOWS\system32\KERNELBASE.dll
0x00007ffcae3e0000 - 0x00007ffcae487000 	C:\WINDOWS\system32\ADVAPI32.dll
0x00007ffcac6d0000 - 0x00007ffcac76d000 	C:\WINDOWS\system32\msvcrt.dll
0x00007ffcaeac0000 - 0x00007ffcaeb1b000 	C:\WINDOWS\system32\sechost.dll
0x00007ffcaef60000 - 0x00007ffcaf07c000 	C:\WINDOWS\system32\RPCRT4.dll
0x00007ffcaeb80000 - 0x00007ffcaecd6000 	C:\WINDOWS\system32\USER32.dll
0x00007ffcacb90000 - 0x00007ffcacd16000 	C:\WINDOWS\system32\GDI32.dll
0x00007ffca6de0000 - 0x00007ffca7054000 	C:\WINDOWS\WinSxS\amd64_microsoft.windows.common-controls_6595b64144ccf1df_6.0.10586.0_none_8c15ae12515e1c22\COMCTL32.dll
0x00007ffcaece0000 - 0x00007ffcaef5d000 	C:\WINDOWS\system32\combase.dll
0x00007ffcabaf0000 - 0x00007ffcabb5a000 	C:\WINDOWS\system32\bcryptPrimitives.dll
0x00007ffcacb50000 - 0x00007ffcacb8b000 	C:\WINDOWS\system32\IMM32.DLL
0x000000005a5c0000 - 0x000000005a692000 	F:\Java\jdk1.8.0_60\jre\bin\msvcr100.dll
0x000000005aa80000 - 0x000000005b309000 	F:\Java\jdk1.8.0_60\jre\bin\server\jvm.dll
0x00007ffcacb40000 - 0x00007ffcacb48000 	C:\WINDOWS\system32\PSAPI.DLL
0x00007ffc9c8d0000 - 0x00007ffc9c8d9000 	C:\WINDOWS\SYSTEM32\WSOCK32.dll
0x00007ffca7060000 - 0x00007ffca706a000 	C:\WINDOWS\SYSTEM32\VERSION.dll
0x00007ffca9b70000 - 0x00007ffca9b93000 	C:\WINDOWS\SYSTEM32\WINMM.dll
0x00007ffcae490000 - 0x00007ffcae4fb000 	C:\WINDOWS\system32\WS2_32.dll
0x0000000000990000 - 0x00000000009bc000 	C:\WINDOWS\SYSTEM32\WINMMBASE.dll
0x00007ffcabb60000 - 0x00007ffcabba3000 	C:\WINDOWS\system32\cfgmgr32.dll
0x000000005aa70000 - 0x000000005aa7f000 	F:\Java\jdk1.8.0_60\jre\bin\verify.dll
0x000000005aa40000 - 0x000000005aa69000 	F:\Java\jdk1.8.0_60\jre\bin\java.dll
0x000000005aa20000 - 0x000000005aa36000 	F:\Java\jdk1.8.0_60\jre\bin\zip.dll
0x00007ffcace80000 - 0x00007ffcae3dc000 	C:\WINDOWS\system32\SHELL32.dll
0x00007ffcabc30000 - 0x00007ffcac275000 	C:\WINDOWS\system32\windows.storage.dll
0x00007ffcac770000 - 0x00007ffcac7c2000 	C:\WINDOWS\system32\shlwapi.dll
0x00007ffcab720000 - 0x00007ffcab72f000 	C:\WINDOWS\system32\kernel.appcore.dll
0x00007ffcac280000 - 0x00007ffcac335000 	C:\WINDOWS\system32\shcore.dll
0x00007ffcab6d0000 - 0x00007ffcab71b000 	C:\WINDOWS\system32\powrprof.dll
0x00007ffcab6a0000 - 0x00007ffcab6b4000 	C:\WINDOWS\system32\profapi.dll

VM Arguments:
jvm_args: -Djava.awt.headless=true -Xmx1024M -Dfile.encoding=x-windows-950 -Duser.country=TW -Duser.language=zh -Duser.variant 
java_command: com.android.dx.command.Main --dex --force-jumbo --num-threads=4 --multi-dex --output F:\AndroidStudioProjects\TMUHTTC_0_5\app\build\intermediates\transforms\dex\debug\folders\1000\5\slice_8 F:\AndroidStudioProjects\TMUHTTC_0_5\app\build\intermediates\transforms\instantRunSlicer\debug\folders\1\5\slice_8
java_class_path (initial): F:\Android\sdk\build-tools\23.0.2\lib\dx.jar
Launcher Type: SUN_STANDARD

Environment Variables:
JAVA_HOME=F:\Java\jdk1.8.0_60
PATH=F:\Java\jdk1.8.0_60\bin;F:\Android\sdk\tools;F:\Android\sdk\platform-tools;C:\Python27\;C:\Python27\Scripts;C:\ProgramData\Oracle\Java\javapath;C:\Windows\system32;C:\Windows;C:\Windows\System32\Wbem;C:\Windows\System32\WindowsPowerShell\v1.0\;C:\Program Files (x86)\NVIDIA Corporation\PhysX\Common;C:\Program Files (x86)\Skype\Phone\;C:\WINDOWS\system32;C:\WINDOWS;C:\WINDOWS\System32\Wbem;C:\WINDOWS\System32\WindowsPowerShell\v1.0\;C:\Program Files\Microsoft\Web Platform Installer\;C:\Program Files\Microsoft SQL Server\120\Tools\Binn\;C:\Program Files\Microsoft SQL Server\120\DTS\Binn\;C:\Program Files\Microsoft SQL Server\Client SDK\ODBC\110\Tools\Binn\;C:\Program Files (x86)\Microsoft SQL Server\120\Tools\Binn\;C:\Program Files (x86)\Microsoft SQL Server\120\Tools\Binn\ManagementStudio\;C:\Program Files (x86)\Microsoft SQL Server\120\DTS\Binn\;C:\Program Files (x86)\Windows Kits\8.1\Windows Performance Toolkit\;C:\Program Files\Microsoft SQL Server\110\Tools\Binn\
USERNAME=TonyChuang
OS=Windows_NT
PROCESSOR_IDENTIFIER=Intel64 Family 6 Model 60 Stepping 3, GenuineIntel



---------------  S Y S T E M  ---------------

OS: Windows 10.0 , 64 bit Build 10586 (10.0.10586.0)

CPU:total 8 (4 cores per cpu, 2 threads per core) family 6 model 60 stepping 3, cmov, cx8, fxsr, mmx, sse, sse2, sse3, ssse3, sse4.1, sse4.2, popcnt, avx, avx2, aes, clmul, erms, lzcnt, ht, tsc, tscinvbit, bmi1, bmi2

Memory: 4k page, physical 16654616k(2733452k free), swap 18751768k(5396k free)

vm_info: Java HotSpot(TM) 64-Bit Server VM (25.60-b23) for windows-amd64 JRE (1.8.0_60-b27), built on Aug  4 2015 11:06:27 by "java_re" with MS VC++ 10.0 (VS2010)

time: Fri Apr 08 19:11:15 2016
elapsed time: 3 seconds (0d 0h 0m 3s)

