#
# There is insufficient memory for the Java Runtime Environment to continue.
# Native memory allocation (malloc) failed to allocate 1600336 bytes for Chunk::new
# Possible reasons:
#   The system is out of physical RAM or swap space
#   In 32 bit mode, the process size limit was hit
# Possible solutions:
#   Reduce memory load on the system
#   Increase physical memory or swap space
#   Check if swap backing store is full
#   Use 64 bit Java on a 64 bit OS
#   Decrease Java heap size (-Xmx/-Xms)
#   Decrease number of Java threads
#   Decrease Java thread stack sizes (-Xss)
#   Set larger code cache with -XX:ReservedCodeCacheSize=
# This output file may be truncated or incomplete.
#
#  Out of Memory Error (allocation.cpp:390), pid=12772, tid=6800
#
# JRE version: Java(TM) SE Runtime Environment (8.0_60-b27) (build 1.8.0_60-b27)
# Java VM: Java HotSpot(TM) 64-Bit Server VM (25.60-b23 mixed mode windows-amd64 compressed oops)
# Failed to write core dump. Minidumps are not enabled by default on client versions of Windows
#

---------------  T H R E A D  ---------------

Current thread (0x00000000172a4800):  JavaThread "C2 CompilerThread0" daemon [_thread_in_native, id=6800, stack(0x0000000017820000,0x0000000017920000)]

Stack: [0x0000000017820000,0x0000000017920000]
[error occurred during error reporting (printing stack bounds), id 0xc0000005]

Native frames: (J=compiled Java code, j=interpreted, Vv=VM code, C=native code)


Current CompileTask:
C2:   2744 1550       4       com.android.dx.rop.code.Rops::ropFor (771 bytes)


---------------  P R O C E S S  ---------------

Java Threads: ( => current thread )
  0x00000000174ac800 JavaThread "pool-2-thread-4" [_thread_blocked, id=13028, stack(0x0000000018220000,0x0000000018320000)]
  0x0000000017457800 JavaThread "pool-2-thread-3" [_thread_blocked, id=10548, stack(0x0000000018120000,0x0000000018220000)]
  0x0000000017465000 JavaThread "pool-2-thread-2" [_thread_blocked, id=10124, stack(0x0000000018020000,0x0000000018120000)]
  0x0000000017453000 JavaThread "pool-3-thread-1" [_thread_blocked, id=13152, stack(0x0000000017f20000,0x0000000018020000)]
  0x0000000017452000 JavaThread "pool-2-thread-1" [_thread_blocked, id=5276, stack(0x0000000017e20000,0x0000000017f20000)]
  0x0000000017346000 JavaThread "Service Thread" daemon [_thread_blocked, id=14360, stack(0x0000000017c20000,0x0000000017d20000)]
  0x00000000172b5800 JavaThread "C1 CompilerThread3" daemon [_thread_blocked, id=11488, stack(0x0000000017b20000,0x0000000017c20000)]
  0x00000000172ac000 JavaThread "C2 CompilerThread2" daemon [_thread_in_native, id=14000, stack(0x0000000017a20000,0x0000000017b20000)]
  0x00000000172a6800 JavaThread "C2 CompilerThread1" daemon [_thread_in_native, id=8112, stack(0x0000000017920000,0x0000000017a20000)]
=>0x00000000172a4800 JavaThread "C2 CompilerThread0" daemon [_thread_in_native, id=6800, stack(0x0000000017820000,0x0000000017920000)]
  0x000000001725a000 JavaThread "Attach Listener" daemon [_thread_blocked, id=6740, stack(0x0000000017720000,0x0000000017820000)]
  0x0000000017259000 JavaThread "Signal Dispatcher" daemon [_thread_blocked, id=7260, stack(0x0000000017620000,0x0000000017720000)]
  0x000000000271b800 JavaThread "Finalizer" daemon [_thread_blocked, id=4968, stack(0x0000000017120000,0x0000000017220000)]
  0x000000001523d000 JavaThread "Reference Handler" daemon [_thread_blocked, id=4940, stack(0x0000000017020000,0x0000000017120000)]
  0x0000000002620800 JavaThread "main" [_thread_in_Java, id=11040, stack(0x0000000002520000,0x0000000002620000)]

Other Threads:
  0x0000000015239000 VMThread [stack: 0x0000000016f20000,0x0000000017020000] [id=4860]
  0x00000000173a8800 WatcherThread [stack: 0x0000000017d20000,0x0000000017e20000] [id=3808]

VM state:not at safepoint (normal execution)

VM Mutex/Monitor currently owned by a thread: None

Heap:
 PSYoungGen      total 76288K, used 49229K [0x00000000eab00000, 0x00000000f0000000, 0x0000000100000000)
  eden space 65536K, 58% used [0x00000000eab00000,0x00000000ed0949e0,0x00000000eeb00000)
  from space 10752K, 99% used [0x00000000eeb00000,0x00000000ef57ec48,0x00000000ef580000)
  to   space 10752K, 0% used [0x00000000ef580000,0x00000000ef580000,0x00000000f0000000)
 ParOldGen       total 175104K, used 975K [0x00000000c0000000, 0x00000000cab00000, 0x00000000eab00000)
  object space 175104K, 0% used [0x00000000c0000000,0x00000000c00f3c50,0x00000000cab00000)
 Metaspace       used 5933K, capacity 7024K, committed 7296K, reserved 1056768K
  class space    used 581K, capacity 616K, committed 640K, reserved 1048576K

Card table byte_map: [0x0000000011ae0000,0x0000000011cf0000] byte_map_base: 0x00000000114e0000

Marking Bits: (ParMarkBitMap*) 0x000000005b28a5b0
 Begin Bits: [0x0000000012650000, 0x0000000013650000)
 End Bits:   [0x0000000013650000, 0x0000000014650000)

Polling page: 0x0000000002450000

CodeCache: size=245760Kb used=6395Kb max_used=6409Kb free=239364Kb
 bounds [0x0000000002720000, 0x0000000002d70000, 0x0000000011720000]
 total_blobs=1810 nmethods=1546 adapters=177
 compilation: enabled

Compilation events (10 events):
Event: 2.671 Thread 0x00000000172ac000 nmethod 1559 0x0000000002d5d390 code [0x0000000002d5d4e0, 0x0000000002d5d5b8]
Event: 2.675 Thread 0x00000000172ac000 1560       4       com.android.dx.cf.code.BaseMachine::popArgs (62 bytes)
Event: 2.680 Thread 0x00000000172ac000 nmethod 1560 0x0000000002d49150 code [0x0000000002d492c0, 0x0000000002d496b8]
Event: 2.680 Thread 0x00000000172ac000 1565       4       java.util.ArrayList::clear (39 bytes)
Event: 2.682 Thread 0x00000000172ac000 nmethod 1565 0x0000000002d49b10 code [0x0000000002d49c40, 0x0000000002d49d18]
Event: 2.682 Thread 0x00000000172ac000 1562       4       com.android.dx.cf.code.BaseMachine::getLocalTarget (151 bytes)
Event: 2.689 Thread 0x00000000172ac000 nmethod 1562 0x0000000002d46310 code [0x0000000002d464a0, 0x0000000002d46b18]
Event: 2.689 Thread 0x00000000172ac000 1568       4       com.android.dx.cf.code.BaseMachine::storeResults (90 bytes)
Event: 2.704 Thread 0x00000000172ac000 nmethod 1568 0x0000000002d474d0 code [0x0000000002d476a0, 0x0000000002d48178]
Event: 2.704 Thread 0x00000000172ac000 1570       4       com.android.dx.cf.code.ValueAwareMachine::run (1142 bytes)

GC Heap History (2 events):
Event: 2.137 GC heap before
{Heap before GC invocations=1 (full 0):
 PSYoungGen      total 76288K, used 65536K [0x00000000eab00000, 0x00000000f0000000, 0x0000000100000000)
  eden space 65536K, 100% used [0x00000000eab00000,0x00000000eeb00000,0x00000000eeb00000)
  from space 10752K, 0% used [0x00000000ef580000,0x00000000ef580000,0x00000000f0000000)
  to   space 10752K, 0% used [0x00000000eeb00000,0x00000000eeb00000,0x00000000ef580000)
 ParOldGen       total 175104K, used 0K [0x00000000c0000000, 0x00000000cab00000, 0x00000000eab00000)
  object space 175104K, 0% used [0x00000000c0000000,0x00000000c0000000,0x00000000cab00000)
 Metaspace       used 5872K, capacity 6960K, committed 7040K, reserved 1056768K
  class space    used 580K, capacity 616K, committed 640K, reserved 1048576K
Event: 2.171 GC heap after
Heap after GC invocations=1 (full 0):
 PSYoungGen      total 76288K, used 10747K [0x00000000eab00000, 0x00000000f0000000, 0x0000000100000000)
  eden space 65536K, 0% used [0x00000000eab00000,0x00000000eab00000,0x00000000eeb00000)
  from space 10752K, 99% used [0x00000000eeb00000,0x00000000ef57ec48,0x00000000ef580000)
  to   space 10752K, 0% used [0x00000000ef580000,0x00000000ef580000,0x00000000f0000000)
 ParOldGen       total 175104K, used 975K [0x00000000c0000000, 0x00000000cab00000, 0x00000000eab00000)
  object space 175104K, 0% used [0x00000000c0000000,0x00000000c00f3c50,0x00000000cab00000)
 Metaspace       used 5872K, capacity 6960K, committed 7040K, reserved 1056768K
  class space    used 580K, capacity 616K, committed 640K, reserved 1048576K
}

Deoptimization events (10 events):
Event: 2.095 Thread 0x0000000002620800 Uncommon trap: reason=unloaded action=reinterpret pc=0x00000000028f97ac method=com.android.dx.cf.cst.ConstantPoolParser.parse0(ILjava/util/BitSet;)Lcom/android/dx/rop/cst/Constant; @ 198
Event: 2.173 Thread 0x0000000017465000 Uncommon trap: reason=unstable_if action=reinterpret pc=0x0000000002bda7d0 method=com.android.dx.ssa.SsaRenamer$BlockRenamer.addMapping(ILcom/android/dx/rop/code/RegisterSpec;)V @ 120
Event: 2.177 Thread 0x0000000017465000 Uncommon trap: reason=unstable_if action=reinterpret pc=0x0000000002bd6560 method=com.android.dx.ssa.SsaRenamer$BlockRenamer.addMapping(ILcom/android/dx/rop/code/RegisterSpec;)V @ 120
Event: 2.192 Thread 0x0000000017457800 Uncommon trap: reason=class_check action=maybe_recompile pc=0x0000000002cca148 method=com.android.dx.ssa.NormalSsaInsn.accept(Lcom/android/dx/ssa/SsaInsn$Visitor;)V @ 9
Event: 2.207 Thread 0x0000000017452000 Uncommon trap: reason=unstable_if action=reinterpret pc=0x0000000002cb6e60 method=com.android.dx.cf.code.RopperMachine.run(Lcom/android/dx/cf/code/Frame;II)V @ 1019
Event: 2.212 Thread 0x0000000017452000 Uncommon trap: reason=unstable_if action=reinterpret pc=0x000000000292b6b8 method=java.util.BitSet.ensureCapacity(I)V @ 6
Event: 2.213 Thread 0x0000000017452000 Uncommon trap: reason=class_check action=maybe_recompile pc=0x0000000002cca148 method=com.android.dx.ssa.NormalSsaInsn.accept(Lcom/android/dx/ssa/SsaInsn$Visitor;)V @ 9
Event: 2.213 Thread 0x0000000017452000 Uncommon trap: reason=class_check action=maybe_recompile pc=0x0000000002cca148 method=com.android.dx.ssa.NormalSsaInsn.accept(Lcom/android/dx/ssa/SsaInsn$Visitor;)V @ 9
Event: 2.213 Thread 0x0000000017452000 Uncommon trap: reason=class_check action=maybe_recompile pc=0x0000000002cca148 method=com.android.dx.ssa.NormalSsaInsn.accept(Lcom/android/dx/ssa/SsaInsn$Visitor;)V @ 9
Event: 2.241 Thread 0x0000000002620800 Uncommon trap: reason=class_check action=maybe_recompile pc=0x0000000002cf8108 method=com.android.dx.ssa.NormalSsaInsn.accept(Lcom/android/dx/ssa/SsaInsn$Visitor;)V @ 9

Internal exceptions (2 events):
Event: 1.017 Thread 0x0000000002620800 Exception <a 'java/lang/NoSuchMethodError': Method sun.misc.Unsafe.defineClass(Ljava/lang/String;[BII)Ljava/lang/Class; name or signature does not match> (0x00000000eab13040) thrown at [C:\re\workspace\8-2-build-windows-amd64-cygwin\jdk8u60\4407\hotspot\srDèR
Event: 1.017 Thread 0x0000000002620800 Exception <a 'java/lang/NoSuchMethodError': Method sun.misc.Unsafe.prefetchRead(Ljava/lang/Object;J)V name or signature does not match> (0x00000000eab13328) thrown at [C:\re\workspace\8-2-build-windows-amd64-cygwin\jdk8u60\4407\hotspot\src\share\vm\prims\j

Events (10 events):
Event: 2.237 Thread 0x0000000002620800 DEOPT UNPACKING pc=0x000000000276787f sp=0x000000000261dd10 mode 0
Event: 2.241 Thread 0x0000000002620800 Uncommon trap: trap_request=0xffffffde fr.pc=0x0000000002cf8108
Event: 2.241 Thread 0x0000000002620800 DEOPT PACKING pc=0x0000000002cf8108 sp=0x000000000261dde0
Event: 2.241 Thread 0x0000000002620800 DEOPT UNPACKING pc=0x000000000276582a sp=0x000000000261ddb0 mode 2
Event: 2.252 Thread 0x0000000017457800 DEOPT PACKING pc=0x0000000002ceb22c sp=0x000000001821ece0
Event: 2.252 Thread 0x0000000017457800 DEOPT UNPACKING pc=0x000000000276787f sp=0x000000001821e9f0 mode 0
Event: 2.272 Thread 0x0000000017452000 DEOPT PACKING pc=0x0000000002adb837 sp=0x0000000017f1e700
Event: 2.272 Thread 0x0000000017452000 DEOPT UNPACKING pc=0x000000000276787f sp=0x0000000017f1e480 mode 0
Event: 2.680 loading class com/android/dx/rop/code/RegisterSpec$1
Event: 2.680 loading class com/android/dx/rop/code/RegisterSpec$1 done


Dynamic libraries:
0x00007ff6116b0000 - 0x00007ff6116e7000 	F:\Java\jdk1.8.0_60\bin\java.exe
0x00007ffcaf080000 - 0x00007ffcaf241000 	C:\WINDOWS\SYSTEM32\ntdll.dll
0x00007ffcac940000 - 0x00007ffcac9ed000 	C:\WINDOWS\system32\KERNEL32.DLL
0x00007ffcab730000 - 0x00007ffcab918000 	C:\WINDOWS\system32\KERNELBASE.dll
0x00007ffcae3e0000 - 0x00007ffcae487000 	C:\WINDOWS\system32\ADVAPI32.dll
0x00007ffcac6d0000 - 0x00007ffcac76d000 	C:\WINDOWS\system32\msvcrt.dll
0x00007ffcaeac0000 - 0x00007ffcaeb1b000 	C:\WINDOWS\system32\sechost.dll
0x00007ffcaef60000 - 0x00007ffcaf07c000 	C:\WINDOWS\system32\RPCRT4.dll
0x00007ffcaeb80000 - 0x00007ffcaecd6000 	C:\WINDOWS\system32\USER32.dll
0x00007ffcacb90000 - 0x00007ffcacd16000 	C:\WINDOWS\system32\GDI32.dll
0x00007ffca6de0000 - 0x00007ffca7054000 	C:\WINDOWS\WinSxS\amd64_microsoft.windows.common-controls_6595b64144ccf1df_6.0.10586.0_none_8c15ae12515e1c22\COMCTL32.dll
0x00007ffcaece0000 - 0x00007ffcaef5d000 	C:\WINDOWS\system32\combase.dll
0x00007ffcabaf0000 - 0x00007ffcabb5a000 	C:\WINDOWS\system32\bcryptPrimitives.dll
0x00007ffcacb50000 - 0x00007ffcacb8b000 	C:\WINDOWS\system32\IMM32.DLL
0x000000005a5c0000 - 0x000000005a692000 	F:\Java\jdk1.8.0_60\jre\bin\msvcr100.dll
0x000000005aa80000 - 0x000000005b309000 	F:\Java\jdk1.8.0_60\jre\bin\server\jvm.dll
0x00007ffcacb40000 - 0x00007ffcacb48000 	C:\WINDOWS\system32\PSAPI.DLL
0x00007ffca9b70000 - 0x00007ffca9b93000 	C:\WINDOWS\SYSTEM32\WINMM.dll
0x00007ffc9c8d0000 - 0x00007ffc9c8d9000 	C:\WINDOWS\SYSTEM32\WSOCK32.dll
0x00007ffca7060000 - 0x00007ffca706a000 	C:\WINDOWS\SYSTEM32\VERSION.dll
0x00007ffcae490000 - 0x00007ffcae4fb000 	C:\WINDOWS\system32\WS2_32.dll
0x0000000000580000 - 0x00000000005ac000 	C:\WINDOWS\SYSTEM32\WINMMBASE.dll
0x00007ffcabb60000 - 0x00007ffcabba3000 	C:\WINDOWS\system32\cfgmgr32.dll
0x000000005aa70000 - 0x000000005aa7f000 	F:\Java\jdk1.8.0_60\jre\bin\verify.dll
0x000000005aa40000 - 0x000000005aa69000 	F:\Java\jdk1.8.0_60\jre\bin\java.dll
0x000000005aa20000 - 0x000000005aa36000 	F:\Java\jdk1.8.0_60\jre\bin\zip.dll
0x00007ffcace80000 - 0x00007ffcae3dc000 	C:\WINDOWS\system32\SHELL32.dll
0x00007ffcabc30000 - 0x00007ffcac275000 	C:\WINDOWS\system32\windows.storage.dll
0x00007ffcac770000 - 0x00007ffcac7c2000 	C:\WINDOWS\system32\shlwapi.dll
0x00007ffcab720000 - 0x00007ffcab72f000 	C:\WINDOWS\system32\kernel.appcore.dll
0x00007ffcac280000 - 0x00007ffcac335000 	C:\WINDOWS\system32\shcore.dll
0x00007ffcab6d0000 - 0x00007ffcab71b000 	C:\WINDOWS\system32\powrprof.dll
0x00007ffcab6a0000 - 0x00007ffcab6b4000 	C:\WINDOWS\system32\profapi.dll

VM Arguments:
jvm_args: -Djava.awt.headless=true -Xmx1024M -Dfile.encoding=x-windows-950 -Duser.country=TW -Duser.language=zh -Duser.variant 
java_command: com.android.dx.command.Main --dex --force-jumbo --num-threads=4 --multi-dex --output F:\AndroidStudioProjects\TMUHTTC_0_5\app\build\intermediates\transforms\dex\debug\folders\1000\5\slice_6 F:\AndroidStudioProjects\TMUHTTC_0_5\app\build\intermediates\transforms\instantRunSlicer\debug\folders\1\5\slice_6
java_class_path (initial): F:\Android\sdk\build-tools\23.0.2\lib\dx.jar
Launcher Type: SUN_STANDARD

Environment Variables:
JAVA_HOME=F:\Java\jdk1.8.0_60
PATH=F:\Java\jdk1.8.0_60\bin;F:\Android\sdk\tools;F:\Android\sdk\platform-tools;C:\Python27\;C:\Python27\Scripts;C:\ProgramData\Oracle\Java\javapath;C:\Windows\system32;C:\Windows;C:\Windows\System32\Wbem;C:\Windows\System32\WindowsPowerShell\v1.0\;C:\Program Files (x86)\NVIDIA Corporation\PhysX\Common;C:\Program Files (x86)\Skype\Phone\;C:\WINDOWS\system32;C:\WINDOWS;C:\WINDOWS\System32\Wbem;C:\WINDOWS\System32\WindowsPowerShell\v1.0\;C:\Program Files\Microsoft\Web Platform Installer\;C:\Program Files\Microsoft SQL Server\120\Tools\Binn\;C:\Program Files\Microsoft SQL Server\120\DTS\Binn\;C:\Program Files\Microsoft SQL Server\Client SDK\ODBC\110\Tools\Binn\;C:\Program Files (x86)\Microsoft SQL Server\120\Tools\Binn\;C:\Program Files (x86)\Microsoft SQL Server\120\Tools\Binn\ManagementStudio\;C:\Program Files (x86)\Microsoft SQL Server\120\DTS\Binn\;C:\Program Files (x86)\Windows Kits\8.1\Windows Performance Toolkit\;C:\Program Files\Microsoft SQL Server\110\Tools\Binn\
USERNAME=TonyChuang
OS=Windows_NT
PROCESSOR_IDENTIFIER=Intel64 Family 6 Model 60 Stepping 3, GenuineIntel



---------------  S Y S T E M  ---------------

OS: Windows 10.0 , 64 bit Build 10586 (10.0.10586.0)

CPU:total 8 (4 cores per cpu, 2 threads per core) family 6 model 60 stepping 3, cmov, cx8, fxsr, mmx, sse, sse2, sse3, ssse3, sse4.1, sse4.2, popcnt, avx, avx2, aes, clmul, erms, lzcnt, ht, tsc, tscinvbit, bmi1, bmi2

Memory: 4k page, physical 16654616k(2736396k free), swap 18751768k(14480k free)

vm_info: Java HotSpot(TM) 64-Bit Server VM (25.60-b23) for windows-amd64 JRE (1.8.0_60-b27), built on Aug  4 2015 11:06:27 by "java_re" with MS VC++ 10.0 (VS2010)

time: Fri Apr 08 19:11:15 2016
elapsed time: 2 seconds (0d 0h 0m 2s)

