#
# There is insufficient memory for the Java Runtime Environment to continue.
# Native memory allocation (malloc) failed to allocate 445216 bytes for Chunk::new
# Possible reasons:
#   The system is out of physical RAM or swap space
#   In 32 bit mode, the process size limit was hit
# Possible solutions:
#   Reduce memory load on the system
#   Increase physical memory or swap space
#   Check if swap backing store is full
#   Use 64 bit Java on a 64 bit OS
#   Decrease Java heap size (-Xmx/-Xms)
#   Decrease number of Java threads
#   Decrease Java thread stack sizes (-Xss)
#   Set larger code cache with -XX:ReservedCodeCacheSize=
# This output file may be truncated or incomplete.
#
#  Out of Memory Error (allocation.cpp:390), pid=908, tid=5256
#
# JRE version: Java(TM) SE Runtime Environment (8.0_60-b27) (build 1.8.0_60-b27)
# Java VM: Java HotSpot(TM) 64-Bit Server VM (25.60-b23 mixed mode windows-amd64 compressed oops)
# Failed to write core dump. Minidumps are not enabled by default on client versions of Windows
#

---------------  T H R E A D  ---------------

Current thread (0x00000000172c3800):  JavaThread "C2 CompilerThread0" daemon [_thread_in_native, id=5256, stack(0x0000000017840000,0x0000000017940000)]

Stack: [0x0000000017840000,0x0000000017940000]
[error occurred during error reporting (printing stack bounds), id 0xc0000005]

Native frames: (J=compiled Java code, j=interpreted, Vv=VM code, C=native code)


Current CompileTask:
C2:   3016  779       4       com.android.dx.ssa.back.LivenessAnalyzer::handleTailRecursion (94 bytes)


---------------  P R O C E S S  ---------------

Java Threads: ( => current thread )
  0x0000000017542000 JavaThread "pool-2-thread-4" [_thread_blocked, id=14492, stack(0x0000000018240000,0x0000000018340000)]
  0x0000000017576000 JavaThread "pool-2-thread-3" [_thread_blocked, id=14764, stack(0x0000000018140000,0x0000000018240000)]
  0x000000001753a800 JavaThread "pool-2-thread-2" [_thread_blocked, id=13996, stack(0x0000000018040000,0x0000000018140000)]
  0x0000000017437800 JavaThread "pool-3-thread-1" [_thread_blocked, id=8064, stack(0x0000000017f40000,0x0000000018040000)]
  0x0000000017406000 JavaThread "pool-2-thread-1" [_thread_in_Java, id=11852, stack(0x0000000017e40000,0x0000000017f40000)]
  0x0000000017329000 JavaThread "Service Thread" daemon [_thread_blocked, id=5964, stack(0x0000000017c40000,0x0000000017d40000)]
  0x0000000017324000 JavaThread "C1 CompilerThread3" daemon [_thread_in_vm, id=7464, stack(0x0000000017b40000,0x0000000017c40000)]
  0x0000000017321000 JavaThread "C2 CompilerThread2" daemon [_thread_in_native, id=15188, stack(0x0000000017a40000,0x0000000017b40000)]
  0x00000000172c6000 JavaThread "C2 CompilerThread1" daemon [_thread_in_native, id=9456, stack(0x0000000017940000,0x0000000017a40000)]
=>0x00000000172c3800 JavaThread "C2 CompilerThread0" daemon [_thread_in_native, id=5256, stack(0x0000000017840000,0x0000000017940000)]
  0x00000000172c2000 JavaThread "Attach Listener" daemon [_thread_blocked, id=14376, stack(0x0000000017740000,0x0000000017840000)]
  0x0000000017278000 JavaThread "Signal Dispatcher" daemon [_thread_blocked, id=9280, stack(0x0000000017640000,0x0000000017740000)]
  0x00000000026c3800 JavaThread "Finalizer" daemon [_thread_blocked, id=6304, stack(0x00000000170e0000,0x00000000171e0000)]
  0x00000000151ed000 JavaThread "Reference Handler" daemon [_thread_blocked, id=15288, stack(0x0000000016fe0000,0x00000000170e0000)]
  0x00000000025d0800 JavaThread "main" [_thread_blocked, id=14204, stack(0x00000000024d0000,0x00000000025d0000)]

Other Threads:
  0x00000000151e9000 VMThread [stack: 0x0000000016ee0000,0x0000000016fe0000] [id=15312]
  0x000000001737c000 WatcherThread [stack: 0x0000000017d40000,0x0000000017e40000] [id=15180]

VM state:not at safepoint (normal execution)

VM Mutex/Monitor currently owned by a thread: None

Heap:
 PSYoungGen      total 76288K, used 19689K [0x00000000eab00000, 0x00000000f0000000, 0x0000000100000000)
  eden space 65536K, 30% used [0x00000000eab00000,0x00000000ebe3a5f0,0x00000000eeb00000)
  from space 10752K, 0% used [0x00000000ef580000,0x00000000ef580000,0x00000000f0000000)
  to   space 10752K, 0% used [0x00000000eeb00000,0x00000000eeb00000,0x00000000ef580000)
 ParOldGen       total 175104K, used 0K [0x00000000c0000000, 0x00000000cab00000, 0x00000000eab00000)
  object space 175104K, 0% used [0x00000000c0000000,0x00000000c0000000,0x00000000cab00000)
 Metaspace       used 5650K, capacity 6768K, committed 7040K, reserved 1056768K
  class space    used 581K, capacity 616K, committed 640K, reserved 1048576K

Card table byte_map: [0x0000000011a90000,0x0000000011ca0000] byte_map_base: 0x0000000011490000

Marking Bits: (ParMarkBitMap*) 0x000000005b28a5b0
 Begin Bits: [0x0000000012600000, 0x0000000013600000)
 End Bits:   [0x0000000013600000, 0x0000000014600000)

Polling page: 0x0000000000560000

CodeCache: size=245760Kb used=3439Kb max_used=3439Kb free=242320Kb
 bounds [0x00000000026d0000, 0x0000000002a30000, 0x00000000116d0000]
 total_blobs=1084 nmethods=820 adapters=177
 compilation: enabled

Compilation events (10 events):
Event: 3.013 Thread 0x0000000017324000 nmethod 841 0x0000000002a20c10 code [0x0000000002a20da0, 0x0000000002a21268]
Event: 3.013 Thread 0x0000000017324000  830       3       java.util.TreeMap$EntryIterator::next (5 bytes)
Event: 3.013 Thread 0x0000000017324000 nmethod 830 0x0000000002a29f10 code [0x0000000002a2a080, 0x0000000002a2a368]
Event: 3.013 Thread 0x0000000017324000  831       3       java.util.TreeMap$EntryIterator::next (5 bytes)
Event: 3.013 Thread 0x0000000017324000 nmethod 831 0x0000000002a2a410 code [0x0000000002a2a580, 0x0000000002a2a788]
Event: 3.013 Thread 0x0000000017324000  836       3       com.android.dx.rop.code.LocalVariableInfo::mutableCopyOfStarts (29 bytes)
Event: 3.013 Thread 0x0000000017324000 nmethod 836 0x0000000002a2a810 code [0x0000000002a2a9c0, 0x0000000002a2aff8]
Event: 3.013 Thread 0x0000000017324000  842       3       com.android.dx.util.IntList::makeImmutable (20 bytes)
Event: 3.013 Thread 0x0000000017324000 nmethod 842 0x0000000002a2b390 code [0x0000000002a2b500, 0x0000000002a2b878]
Event: 3.014 Thread 0x0000000017324000  837       3       com.android.dx.rop.code.BasicBlock::hasExceptionHandlers (26 bytes)

GC Heap History (0 events):
No events

Deoptimization events (8 events):
Event: 2.551 Thread 0x00000000025d0800 Uncommon trap: reason=unstable_if action=reinterpret pc=0x00000000028616d0 method=java.lang.String.<init>([CII)V @ 18
Event: 2.743 Thread 0x0000000017576000 Uncommon trap: reason=unstable_if action=reinterpret pc=0x00000000028c5aa0 method=java.util.HashMap.getNode(ILjava/lang/Object;)Ljava/util/HashMap$Node; @ 129
Event: 2.803 Thread 0x0000000017576000 Uncommon trap: reason=unstable_if action=reinterpret pc=0x00000000028f0a30 method=java.util.BitSet.nextSetBit(I)I @ 87
Event: 2.847 Thread 0x000000001753a800 Uncommon trap: reason=unstable_if action=reinterpret pc=0x0000000002944670 method=com.android.dx.rop.code.RegisterSpec.equals(ILcom/android/dx/rop/type/TypeBearer;Lcom/android/dx/rop/code/LocalItem;)Z @ 16
Event: 2.847 Thread 0x000000001753a800 Uncommon trap: reason=unstable_if action=reinterpret pc=0x000000000296b064 method=com.android.dx.rop.code.RegisterSpec.equals(ILcom/android/dx/rop/type/TypeBearer;Lcom/android/dx/rop/code/LocalItem;)Z @ 16
Event: 2.848 Thread 0x000000001753a800 Uncommon trap: reason=unstable_if action=reinterpret pc=0x0000000002906578 method=java.util.BitSet.ensureCapacity(I)V @ 6
Event: 2.955 Thread 0x00000000025d0800 Uncommon trap: reason=null_check action=make_not_entrant pc=0x00000000029a2424 method=com.android.dx.ssa.SsaRenamer.getLocalForNewReg(I)Lcom/android/dx/rop/code/LocalItem; @ 19
Event: 2.955 Thread 0x00000000025d0800 Uncommon trap: reason=null_check action=make_not_entrant pc=0x0000000002989510 method=com.android.dx.ssa.SsaRenamer.getLocalForNewReg(I)Lcom/android/dx/rop/code/LocalItem; @ 19

Internal exceptions (4 events):
Event: 1.339 Thread 0x00000000025d0800 Exception <a 'java/lang/NoSuchMethodError': Method sun.misc.Unsafe.defineClass(Ljava/lang/String;[BII)Ljava/lang/Class; name or signature does not match> (0x00000000eab13040) thrown at [C:\re\workspace\8-2-build-windows-amd64-cygwin\jdk8u60\4407\hotspot\sr–³ž~kõ?
Event: 1.339 Thread 0x00000000025d0800 Exception <a 'java/lang/NoSuchMethodError': Method sun.misc.Unsafe.prefetchRead(Ljava/lang/Object;J)V name or signature does not match> (0x00000000eab13328) thrown at [C:\re\workspace\8-2-build-windows-amd64-cygwin\jdk8u60\4407\hotspot\src\share\vm\prims\j•ÍµÊ£@
Event: 2.955 Thread 0x00000000025d0800 Implicit null exception at 0x00000000029a06c9 to 0x00000000029a23e1
Event: 2.955 Thread 0x00000000025d0800 Implicit null exception at 0x000000000298792c to 0x00000000029894f1

Events (10 events):
Event: 2.857 loading class java/util/DualPivotQuicksort
Event: 2.857 loading class java/util/DualPivotQuicksort done
Event: 2.896 Executing VM operation: ForceSafepoint
Event: 2.939 Executing VM operation: ForceSafepoint done
Event: 2.955 Thread 0x00000000025d0800 Uncommon trap: trap_request=0xfffffff4 fr.pc=0x00000000029a2424
Event: 2.955 Thread 0x00000000025d0800 DEOPT PACKING pc=0x00000000029a2424 sp=0x00000000025ce110
Event: 2.955 Thread 0x00000000025d0800 DEOPT UNPACKING pc=0x000000000271582a sp=0x00000000025cdf98 mode 2
Event: 2.955 Thread 0x00000000025d0800 Uncommon trap: trap_request=0xfffffff4 fr.pc=0x0000000002989510
Event: 2.955 Thread 0x00000000025d0800 DEOPT PACKING pc=0x0000000002989510 sp=0x00000000025ce0d0
Event: 2.955 Thread 0x00000000025d0800 DEOPT UNPACKING pc=0x000000000271582a sp=0x00000000025cdf98 mode 2


Dynamic libraries:
0x00007ff6116b0000 - 0x00007ff6116e7000 	F:\Java\jdk1.8.0_60\bin\java.exe
0x00007ffcaf080000 - 0x00007ffcaf241000 	C:\WINDOWS\SYSTEM32\ntdll.dll
0x00007ffcac940000 - 0x00007ffcac9ed000 	C:\WINDOWS\system32\KERNEL32.DLL
0x00007ffcab730000 - 0x00007ffcab918000 	C:\WINDOWS\system32\KERNELBASE.dll
0x00007ffcae3e0000 - 0x00007ffcae487000 	C:\WINDOWS\system32\ADVAPI32.dll
0x00007ffcac6d0000 - 0x00007ffcac76d000 	C:\WINDOWS\system32\msvcrt.dll
0x00007ffcaeac0000 - 0x00007ffcaeb1b000 	C:\WINDOWS\system32\sechost.dll
0x00007ffcaef60000 - 0x00007ffcaf07c000 	C:\WINDOWS\system32\RPCRT4.dll
0x00007ffcaeb80000 - 0x00007ffcaecd6000 	C:\WINDOWS\system32\USER32.dll
0x00007ffcacb90000 - 0x00007ffcacd16000 	C:\WINDOWS\system32\GDI32.dll
0x00007ffca6de0000 - 0x00007ffca7054000 	C:\WINDOWS\WinSxS\amd64_microsoft.windows.common-controls_6595b64144ccf1df_6.0.10586.0_none_8c15ae12515e1c22\COMCTL32.dll
0x00007ffcaece0000 - 0x00007ffcaef5d000 	C:\WINDOWS\system32\combase.dll
0x00007ffcabaf0000 - 0x00007ffcabb5a000 	C:\WINDOWS\system32\bcryptPrimitives.dll
0x00007ffcacb50000 - 0x00007ffcacb8b000 	C:\WINDOWS\system32\IMM32.DLL
0x000000005a5c0000 - 0x000000005a692000 	F:\Java\jdk1.8.0_60\jre\bin\msvcr100.dll
0x000000005aa80000 - 0x000000005b309000 	F:\Java\jdk1.8.0_60\jre\bin\server\jvm.dll
0x00007ffcacb40000 - 0x00007ffcacb48000 	C:\WINDOWS\system32\PSAPI.DLL
0x00007ffc9c8d0000 - 0x00007ffc9c8d9000 	C:\WINDOWS\SYSTEM32\WSOCK32.dll
0x00007ffca7060000 - 0x00007ffca706a000 	C:\WINDOWS\SYSTEM32\VERSION.dll
0x00007ffca9b70000 - 0x00007ffca9b93000 	C:\WINDOWS\SYSTEM32\WINMM.dll
0x00007ffcae490000 - 0x00007ffcae4fb000 	C:\WINDOWS\system32\WS2_32.dll
0x00007ffca9a30000 - 0x00007ffca9a5c000 	C:\WINDOWS\SYSTEM32\WINMMBASE.dll
0x00007ffcabb60000 - 0x00007ffcabba3000 	C:\WINDOWS\system32\cfgmgr32.dll
0x000000005aa70000 - 0x000000005aa7f000 	F:\Java\jdk1.8.0_60\jre\bin\verify.dll
0x000000005aa40000 - 0x000000005aa69000 	F:\Java\jdk1.8.0_60\jre\bin\java.dll
0x000000005aa20000 - 0x000000005aa36000 	F:\Java\jdk1.8.0_60\jre\bin\zip.dll
0x00007ffcace80000 - 0x00007ffcae3dc000 	C:\WINDOWS\system32\SHELL32.dll
0x00007ffcabc30000 - 0x00007ffcac275000 	C:\WINDOWS\system32\windows.storage.dll
0x00007ffcac770000 - 0x00007ffcac7c2000 	C:\WINDOWS\system32\shlwapi.dll
0x00007ffcab720000 - 0x00007ffcab72f000 	C:\WINDOWS\system32\kernel.appcore.dll
0x00007ffcac280000 - 0x00007ffcac335000 	C:\WINDOWS\system32\shcore.dll
0x00007ffcab6d0000 - 0x00007ffcab71b000 	C:\WINDOWS\system32\powrprof.dll
0x00007ffcab6a0000 - 0x00007ffcab6b4000 	C:\WINDOWS\system32\profapi.dll

VM Arguments:
jvm_args: -Djava.awt.headless=true -Xmx1024M -Dfile.encoding=x-windows-950 -Duser.country=TW -Duser.language=zh -Duser.variant 
java_command: com.android.dx.command.Main --dex --force-jumbo --num-threads=4 --multi-dex --output F:\AndroidStudioProjects\TMUHTTC_0_5\app\build\intermediates\transforms\dex\debug\folders\1000\5\slice_9 F:\AndroidStudioProjects\TMUHTTC_0_5\app\build\intermediates\transforms\instantRunSlicer\debug\folders\1\5\slice_9
java_class_path (initial): F:\Android\sdk\build-tools\23.0.2\lib\dx.jar
Launcher Type: SUN_STANDARD

Environment Variables:
JAVA_HOME=F:\Java\jdk1.8.0_60
PATH=F:\Java\jdk1.8.0_60\bin;F:\Android\sdk\tools;F:\Android\sdk\platform-tools;C:\Python27\;C:\Python27\Scripts;C:\ProgramData\Oracle\Java\javapath;C:\Windows\system32;C:\Windows;C:\Windows\System32\Wbem;C:\Windows\System32\WindowsPowerShell\v1.0\;C:\Program Files (x86)\NVIDIA Corporation\PhysX\Common;C:\Program Files (x86)\Skype\Phone\;C:\WINDOWS\system32;C:\WINDOWS;C:\WINDOWS\System32\Wbem;C:\WINDOWS\System32\WindowsPowerShell\v1.0\;C:\Program Files\Microsoft\Web Platform Installer\;C:\Program Files\Microsoft SQL Server\120\Tools\Binn\;C:\Program Files\Microsoft SQL Server\120\DTS\Binn\;C:\Program Files\Microsoft SQL Server\Client SDK\ODBC\110\Tools\Binn\;C:\Program Files (x86)\Microsoft SQL Server\120\Tools\Binn\;C:\Program Files (x86)\Microsoft SQL Server\120\Tools\Binn\ManagementStudio\;C:\Program Files (x86)\Microsoft SQL Server\120\DTS\Binn\;C:\Program Files (x86)\Windows Kits\8.1\Windows Performance Toolkit\;C:\Program Files\Microsoft SQL Server\110\Tools\Binn\
USERNAME=TonyChuang
OS=Windows_NT
PROCESSOR_IDENTIFIER=Intel64 Family 6 Model 60 Stepping 3, GenuineIntel



---------------  S Y S T E M  ---------------

OS: Windows 10.0 , 64 bit Build 10586 (10.0.10586.0)

CPU:total 8 (4 cores per cpu, 2 threads per core) family 6 model 60 stepping 3, cmov, cx8, fxsr, mmx, sse, sse2, sse3, ssse3, sse4.1, sse4.2, popcnt, avx, avx2, aes, clmul, erms, lzcnt, ht, tsc, tscinvbit, bmi1, bmi2

Memory: 4k page, physical 16654616k(2733484k free), swap 18751768k(5408k free)

vm_info: Java HotSpot(TM) 64-Bit Server VM (25.60-b23) for windows-amd64 JRE (1.8.0_60-b27), built on Aug  4 2015 11:06:27 by "java_re" with MS VC++ 10.0 (VS2010)

time: Fri Apr 08 19:11:15 2016
elapsed time: 3 seconds (0d 0h 0m 3s)

